<?xml version="1.0" encoding="UTF-8"?>
<testsuite name="TestSuite" time="4.057" tests="27" errors="0" skipped="0" failures="0">
  <properties>
    <property name="java.runtime.name" value="Java(TM) SE Runtime Environment"/>
    <property name="sun.boot.library.path" value="C:\Program Files (x86)\Java\jdk1.8.0_151\jre\bin"/>
    <property name="java.vm.version" value="25.151-b12"/>
    <property name="java.vm.vendor" value="Oracle Corporation"/>
    <property name="maven.multiModuleProjectDirectory" value="C:\Users\vkoloyu\workspace\MAVENHEADLESS"/>
    <property name="java.vendor.url" value="http://java.oracle.com/"/>
    <property name="path.separator" value=";"/>
    <property name="guice.disable.misplaced.annotation.check" value="true"/>
    <property name="java.vm.name" value="Java HotSpot(TM) Client VM"/>
    <property name="file.encoding.pkg" value="sun.io"/>
    <property name="user.script" value=""/>
    <property name="user.country" value="US"/>
    <property name="sun.java.launcher" value="SUN_STANDARD"/>
    <property name="sun.os.patch.level" value="Service Pack 1"/>
    <property name="java.vm.specification.name" value="Java Virtual Machine Specification"/>
    <property name="user.dir" value="C:\Users\vkoloyu\workspace\MAVENHEADLESS"/>
    <property name="java.runtime.version" value="1.8.0_151-b12"/>
    <property name="java.awt.graphicsenv" value="sun.awt.Win32GraphicsEnvironment"/>
    <property name="java.endorsed.dirs" value="C:\Program Files (x86)\Java\jdk1.8.0_151\jre\lib\endorsed"/>
    <property name="os.arch" value="x86"/>
    <property name="java.io.tmpdir" value="C:\Users\vkoloyu\AppData\Local\Temp\"/>
    <property name="line.separator" value="&#10;"/>
    <property name="java.vm.specification.vendor" value="Oracle Corporation"/>
    <property name="user.variant" value=""/>
    <property name="os.name" value="Windows 7"/>
    <property name="classworlds.conf" value="C:\Users\vkoloyu\workspace\.metadata\.plugins\org.eclipse.m2e.launching\launches\m2conf397999228114122145.tmp"/>
    <property name="sun.jnu.encoding" value="Cp1252"/>
    <property name="java.library.path" value="C:\Program Files (x86)\Java\jdk1.8.0_151\bin;C:\WINDOWS\Sun\Java\bin;C:\WINDOWS\system32;C:\WINDOWS;C:\ProgramData\Oracle\Java\javapath;C:\WINDOWS\system32;C:\WINDOWS;C:\WINDOWS\System32\Wbem;C:\WINDOWS\System32\WindowsPowerShell\v1.0\;C:\Windows\CCM;C:\Windows\CCM;C:\Windows\CCM;C:\Program Files (x86)\IXOS\bin;C:\Windows\CCM;C:\Windows\CCM;C:\Program Files (x86)\QuickTime\QTSystem\;C:\Users\vkoloyu\android\android-sdk-windows\platform-tools;C:\Users\vkoloyu\android\android-sdk-windows\tools;C:\Program Files\Java\jre1.8.0_101\bin;C:\Program Files\Java\jdk1.8.0_101\bin;C:\Users\vkoloyu\maven\apache-maven-3.3.9\bin;C:\Program Files\nodejs\;C:\Users\vkoloyu\AppData\Local\Programs\Git\cmd;C:\Program Files\PuTTY\;C:\Program Files\1E\NomadBranch\;C:\Users\vkoloyu\jars\libs;C:\Program Files (x86)\Google\Chrome\Application;C:\Program;C:\WINDOWS\system32;C:\WINDOWS;C:\WINDOWS\System32\Wbem;C:\WINDOWS\System32\WindowsPowerShell\v1.0\;C:\Windows\CCM;C:\Windows\CCM;C:\Windows\CCM;C:\Program Files (x86)\IXOS\bin;C:\Windows\CCM;C:\Program Files (x86)\IBM\Client Access\Emulator\;C:\Program Files (x86)\IBM\Client Access\Shared\;C:\Program Files (x86)\IBM\Client Access\;C:\Windows\CCM;C:\Program Files\1E\NomadBranch\;C:\Program Files (x86)\QuickTime\QTSystem\;C:\Users\vkoloyu\AppData\Local\Programs\Git\cmd;C:\Users\vkoloyu\apache-maven-3.3.9\bin;C:\Users\vkoloyu\AppData\Roaming\npm; C:\Users\vkoloyu\AppData\Local\Android\android-sdk;C:\Users\vkoloyu\AppData\Local\Android\android-sdk\bin;C:\Users\vkoloyu\apache-ant-1.9.7\bin;%EasyMock_HOME%\easymock-3.2.jar;%EasyMock_HOME%\cglib-3.2.4.jar;%EasyMock_HOME%\objenesis-2.5.1.jar;.;C:\Program Files (x86)\Java\jdk1.8.0_151\bin;C:\Users\vkoloyu\junit\junit4.12.jar;C:\Users\vkoloyu\junit\hamcrest-core-1.3.jar;.;C:\Program Files\Heroku\bin;C:\temp\curl\src;C:\Users\vkoloyu\platform-tools;C:\Users\vkoloyu\TOMCAT\apache-tomcat-9.0.0.M22\apache-tomcat-9.0.0.M22\bin;C:\Users\vkoloyu\AppData\Local\Android\android-sdk\platform-tools;C:\Users\vkoloyu\AppData\Local\Android\android-sdk\platform-tools;C:\Users\vkoloyu\AppData\Local\Android\android-sdk\tools;."/>
    <property name="java.specification.name" value="Java Platform API Specification"/>
    <property name="java.class.version" value="52.0"/>
    <property name="sun.management.compiler" value="HotSpot Client Compiler"/>
    <property name="os.version" value="6.1"/>
    <property name="user.home" value="C:\Users\vkoloyu"/>
    <property name="user.timezone" value="America/Chicago"/>
    <property name="java.awt.printerjob" value="sun.awt.windows.WPrinterJob"/>
    <property name="java.specification.version" value="1.8"/>
    <property name="file.encoding" value="Cp1252"/>
    <property name="user.name" value="VKOLOYU"/>
    <property name="java.class.path" value="/C:/Users/vkoloyu/eclipse/javaMars/eclipse/../../../.p2/pool/plugins/org.eclipse.m2e.maven.runtime_1.7.0.20160603-1931/jars/plexus-classworlds-2.5.2.jar"/>
    <property name="java.vm.specification.version" value="1.8"/>
    <property name="sun.arch.data.model" value="32"/>
    <property name="java.home" value="C:\Program Files (x86)\Java\jdk1.8.0_151\jre"/>
    <property name="sun.java.command" value="org.codehaus.plexus.classworlds.launcher.Launcher -B test"/>
    <property name="java.specification.vendor" value="Oracle Corporation"/>
    <property name="user.language" value="en"/>
    <property name="awt.toolkit" value="sun.awt.windows.WToolkit"/>
    <property name="java.vm.info" value="mixed mode, sharing"/>
    <property name="java.version" value="1.8.0_151"/>
    <property name="java.ext.dirs" value="C:\Program Files (x86)\Java\jdk1.8.0_151\jre\lib\ext;C:\WINDOWS\Sun\Java\lib\ext"/>
    <property name="sun.boot.class.path" value="C:\Program Files (x86)\Java\jdk1.8.0_151\jre\lib\resources.jar;C:\Program Files (x86)\Java\jdk1.8.0_151\jre\lib\rt.jar;C:\Program Files (x86)\Java\jdk1.8.0_151\jre\lib\sunrsasign.jar;C:\Program Files (x86)\Java\jdk1.8.0_151\jre\lib\jsse.jar;C:\Program Files (x86)\Java\jdk1.8.0_151\jre\lib\jce.jar;C:\Program Files (x86)\Java\jdk1.8.0_151\jre\lib\charsets.jar;C:\Program Files (x86)\Java\jdk1.8.0_151\jre\lib\jfr.jar;C:\Program Files (x86)\Java\jdk1.8.0_151\jre\classes"/>
    <property name="java.vendor" value="Oracle Corporation"/>
    <property name="maven.home" value="C:\Users\vkoloyu\workspace\MAVENHEADLESS\EMBEDDED"/>
    <property name="file.separator" value="\"/>
    <property name="java.vendor.url.bug" value="http://bugreport.sun.com/bugreport/"/>
    <property name="sun.cpu.endian" value="little"/>
    <property name="sun.io.unicode.encoding" value="UnicodeLittle"/>
    <property name="sun.desktop" value="windows"/>
    <property name="sun.cpu.isalist" value="pentium_pro+mmx pentium_pro pentium+mmx pentium i486 i386 i86"/>
  </properties>
  <testcase name="acorn1" classname="maven.MAVENHEADLESS.onlinesampling" time="0.342"/>
  <testcase name="acorn2" classname="maven.MAVENHEADLESS.onlinesampling" time="0.305"/>
  <testcase name="acorn3" classname="maven.MAVENHEADLESS.onlinesampling" time="0.282"/>
  <testcase name="acorn1" classname="maven.MAVENHEADLESS.CartHLess" time="0.108"/>
  <testcase name="acorn2" classname="maven.MAVENHEADLESS.CartHLess" time="0.121"/>
  <testcase name="acorn3" classname="maven.MAVENHEADLESS.CartHLess" time="0.105"/>
  <testcase name="acorn1" classname="maven.MAVENHEADLESS.pshomeschool" time="0.138"/>
  <testcase name="acorn2" classname="maven.MAVENHEADLESS.pshomeschool" time="0.161"/>
  <testcase name="acorn3" classname="maven.MAVENHEADLESS.pshomeschool" time="0.116"/>
  <testcase name="acorn1" classname="maven.MAVENHEADLESS.PS_HLess" time="0.192"/>
  <testcase name="acorn2" classname="maven.MAVENHEADLESS.PS_HLess" time="0.186"/>
  <testcase name="acorn3" classname="maven.MAVENHEADLESS.PS_HLess" time="0.192"/>
  <testcase name="acorn1" classname="maven.MAVENHEADLESS.PS1gWt" time="0.123"/>
  <testcase name="acorn2" classname="maven.MAVENHEADLESS.PS1gWt" time="0.127"/>
  <testcase name="acorn3" classname="maven.MAVENHEADLESS.PS1gWt" time="0.169"/>
  <testcase name="acorn1" classname="maven.MAVENHEADLESS.PNP" time="0.056"/>
  <testcase name="acorn2" classname="maven.MAVENHEADLESS.PNP" time="0.05"/>
  <testcase name="acorn3" classname="maven.MAVENHEADLESS.PNP" time="0.047"/>
  <testcase name="acorn1" classname="maven.MAVENHEADLESS.Rollup_Literacy" time="0.2"/>
  <testcase name="acorn2" classname="maven.MAVENHEADLESS.Rollup_Literacy" time="0.241"/>
  <testcase name="acorn3" classname="maven.MAVENHEADLESS.Rollup_Literacy" time="0.197"/>
  <testcase name="acorn1" classname="maven.MAVENHEADLESS.PSZj4a" time="0.085"/>
  <testcase name="acorn2" classname="maven.MAVENHEADLESS.PSZj4a" time="0.065"/>
  <testcase name="acorn3" classname="maven.MAVENHEADLESS.PSZj4a" time="0.066"/>
  <testcase name="acorn1" classname="maven.MAVENHEADLESS.SearchHLess" time="0.175"/>
  <testcase name="acorn2" classname="maven.MAVENHEADLESS.SearchHLess" time="0.103"/>
  <testcase name="acorn3" classname="maven.MAVENHEADLESS.SearchHLess" time="0.105"/>
</testsuite>