<?xml version="1.0" encoding="UTF-8"?>
<!-- Generated by org.testng.reporters.JUnitReportReporter -->
<testsuite hostname="GLENVWL-2MJMMX1" name="maven.MAVENHEADLESS.PNP" tests="3" failures="0" timestamp="1 Nov 2017 21:42:53 GMT" time="0.537" errors="0">
  <testcase name="acorn3" time="0.176" classname="maven.MAVENHEADLESS.PNP"/>
  <testcase name="acorn1" time="0.180" classname="maven.MAVENHEADLESS.PNP"/>
  <testcase name="acorn2" time="0.181" classname="maven.MAVENHEADLESS.PNP"/>
</testsuite> <!-- maven.MAVENHEADLESS.PNP -->
