<?xml version="1.0" encoding="UTF-8"?>
<!-- Generated by org.testng.reporters.JUnitReportReporter -->
<testsuite hostname="GLENVWL-2MJMMX1" name="maven.MAVENHEADLESS.CartHLess" tests="3" failures="0" timestamp="1 Nov 2017 21:42:53 GMT" time="0.946" errors="0">
  <testcase name="acorn2" time="0.322" classname="maven.MAVENHEADLESS.CartHLess"/>
  <testcase name="acorn1" time="0.305" classname="maven.MAVENHEADLESS.CartHLess"/>
  <testcase name="acorn3" time="0.319" classname="maven.MAVENHEADLESS.CartHLess"/>
</testsuite> <!-- maven.MAVENHEADLESS.CartHLess -->
