<?xml version="1.0" encoding="UTF-8"?>
<!-- Generated by org.testng.reporters.JUnitReportReporter -->
<testsuite hostname="GLENVWL-2MJMMX1" name="maven.MAVENHEADLESS.PS1gWt" tests="3" failures="0" timestamp="1 Nov 2017 21:42:53 GMT" time="1.131" errors="0">
  <testcase name="acorn2" time="0.398" classname="maven.MAVENHEADLESS.PS1gWt"/>
  <testcase name="acorn3" time="0.394" classname="maven.MAVENHEADLESS.PS1gWt"/>
  <testcase name="acorn1" time="0.339" classname="maven.MAVENHEADLESS.PS1gWt"/>
</testsuite> <!-- maven.MAVENHEADLESS.PS1gWt -->
