<?xml version="1.0" encoding="UTF-8"?>
<!-- Generated by org.testng.reporters.JUnitReportReporter -->
<testsuite hostname="GLENVWL-2MJMMX1" name="maven.MAVENHEADLESS.SearchHLess" tests="3" failures="0" timestamp="1 Nov 2017 21:42:53 GMT" time="0.931" errors="0">
  <testcase name="acorn3" time="0.290" classname="maven.MAVENHEADLESS.SearchHLess"/>
  <testcase name="acorn1" time="0.350" classname="maven.MAVENHEADLESS.SearchHLess"/>
  <testcase name="acorn2" time="0.291" classname="maven.MAVENHEADLESS.SearchHLess"/>
</testsuite> <!-- maven.MAVENHEADLESS.SearchHLess -->
