<?xml version="1.0" encoding="UTF-8"?>
<!-- Generated by org.testng.reporters.JUnitReportReporter -->
<testsuite hostname="GLENVWL-2MJMMX1" name="maven.MAVENHEADLESS.onlinesampling" tests="3" failures="0" timestamp="1 Nov 2017 21:42:53 GMT" time="3.953" errors="0">
  <testcase name="acorn2" time="0.789" classname="maven.MAVENHEADLESS.onlinesampling"/>
  <testcase name="acorn1" time="2.513" classname="maven.MAVENHEADLESS.onlinesampling"/>
  <testcase name="acorn3" time="0.651" classname="maven.MAVENHEADLESS.onlinesampling"/>
</testsuite> <!-- maven.MAVENHEADLESS.onlinesampling -->
