<?xml version="1.0" encoding="UTF-8"?>
<!-- Generated by org.testng.reporters.JUnitReportReporter -->
<testsuite hostname="GLENVWL-2MJMMX1" name="maven.MAVENHEADLESS.pshomeschool" tests="3" failures="0" timestamp="1 Nov 2017 21:42:53 GMT" time="1.113" errors="0">
  <testcase name="acorn3" time="0.389" classname="maven.MAVENHEADLESS.pshomeschool"/>
  <testcase name="acorn2" time="0.359" classname="maven.MAVENHEADLESS.pshomeschool"/>
  <testcase name="acorn1" time="0.365" classname="maven.MAVENHEADLESS.pshomeschool"/>
</testsuite> <!-- maven.MAVENHEADLESS.pshomeschool -->
