<?xml version="1.0" encoding="UTF-8"?>
<!-- Generated by org.testng.reporters.JUnitReportReporter -->
<testsuite hostname="GLENVWL-2MJMMX1" name="maven.MAVENHEADLESS.Rollup_Literacy" tests="3" failures="0" timestamp="1 Nov 2017 21:42:53 GMT" time="1.735" errors="0">
  <testcase name="acorn1" time="0.483" classname="maven.MAVENHEADLESS.Rollup_Literacy"/>
  <testcase name="acorn3" time="0.467" classname="maven.MAVENHEADLESS.Rollup_Literacy"/>
  <testcase name="acorn2" time="0.785" classname="maven.MAVENHEADLESS.Rollup_Literacy"/>
</testsuite> <!-- maven.MAVENHEADLESS.Rollup_Literacy -->
