<?xml version="1.0" encoding="UTF-8"?>
<!-- Generated by org.testng.reporters.JUnitReportReporter -->
<testsuite hostname="GLENVWL-2MJMMX1" name="maven.MAVENHEADLESS.PSZj4a" tests="3" failures="0" timestamp="1 Nov 2017 21:42:53 GMT" time="0.666" errors="0">
  <testcase name="acorn3" time="0.224" classname="maven.MAVENHEADLESS.PSZj4a"/>
  <testcase name="acorn2" time="0.214" classname="maven.MAVENHEADLESS.PSZj4a"/>
  <testcase name="acorn1" time="0.228" classname="maven.MAVENHEADLESS.PSZj4a"/>
</testsuite> <!-- maven.MAVENHEADLESS.PSZj4a -->
