<?xml version="1.0" encoding="UTF-8"?>
<!-- Generated by org.testng.reporters.JUnitReportReporter -->
<testsuite hostname="GLENVWL-2MJMMX1" name="maven.MAVENHEADLESS.PS_HLess" tests="3" failures="0" timestamp="1 Nov 2017 21:42:53 GMT" time="1.397" errors="0">
  <testcase name="acorn3" time="0.457" classname="maven.MAVENHEADLESS.PS_HLess"/>
  <testcase name="acorn1" time="0.492" classname="maven.MAVENHEADLESS.PS_HLess"/>
  <testcase name="acorn2" time="0.448" classname="maven.MAVENHEADLESS.PS_HLess"/>
</testsuite> <!-- maven.MAVENHEADLESS.PS_HLess -->
